<?xml version="1.0" encoding="UTF-8"?>
<testsuite xmlns:xsi="http://www.w3.org/2001/XMLSchema-instance" xsi:noNamespaceSchemaLocation="https://maven.apache.org/surefire/maven-surefire-plugin/xsd/surefire-test-report-3.0.xsd" version="3.0" name="TestSuite" time="1.209" tests="8" errors="0" skipped="0" failures="0">
  <properties>
    <property name="sun.desktop" value="windows"/>
    <property name="awt.toolkit" value="sun.awt.windows.WToolkit"/>
    <property name="file.encoding.pkg" value="sun.io"/>
    <property name="java.specification.version" value="1.8"/>
    <property name="sun.cpu.isalist" value="amd64"/>
    <property name="sun.jnu.encoding" value="Cp1251"/>
    <property name="java.class.path" value="C:\Users\Vika\.m2\repository\org\apache\maven\surefire\surefire-booter\3.0.0-M4\surefire-booter-3.0.0-M4.jar;C:\Users\Vika\.m2\repository\org\apache\maven\surefire\surefire-api\3.0.0-M4\surefire-api-3.0.0-M4.jar;C:\Users\Vika\.m2\repository\org\apache\maven\surefire\surefire-logger-api\3.0.0-M4\surefire-logger-api-3.0.0-M4.jar;C:\tools\projects\target\test-classes;C:\tools\projects\target\classes;C:\Users\Vika\.m2\repository\org\codehaus\groovy\groovy\3.0.7\groovy-3.0.7.jar;C:\Users\Vika\.m2\repository\org\codehaus\groovy\groovy-ant\3.0.7\groovy-ant-3.0.7.jar;C:\Users\Vika\.m2\repository\org\apache\ant\ant\1.10.9\ant-1.10.9.jar;C:\Users\Vika\.m2\repository\org\apache\ant\ant-junit\1.10.9\ant-junit-1.10.9.jar;C:\Program Files\Java\jdk1.8.0_121\jre\..\lib\tools.jar;C:\Users\Vika\.m2\repository\org\apache\ant\ant-launcher\1.10.9\ant-launcher-1.10.9.jar;C:\Users\Vika\.m2\repository\org\apache\ant\ant-antlr\1.10.9\ant-antlr-1.10.9.jar;C:\Users\Vika\.m2\repository\org\codehaus\groovy\groovy-astbuilder\3.0.7\groovy-astbuilder-3.0.7.jar;C:\Users\Vika\.m2\repository\org\codehaus\groovy\groovy-cli-picocli\3.0.7\groovy-cli-picocli-3.0.7.jar;C:\Users\Vika\.m2\repository\info\picocli\picocli\4.5.2\picocli-4.5.2.jar;C:\Users\Vika\.m2\repository\org\codehaus\groovy\groovy-console\3.0.7\groovy-console-3.0.7.jar;C:\Users\Vika\.m2\repository\org\codehaus\groovy\groovy-datetime\3.0.7\groovy-datetime-3.0.7.jar;C:\Users\Vika\.m2\repository\org\codehaus\groovy\groovy-docgenerator\3.0.7\groovy-docgenerator-3.0.7.jar;C:\Users\Vika\.m2\repository\com\thoughtworks\qdox\qdox\1.12.1\qdox-1.12.1.jar;C:\Users\Vika\.m2\repository\org\codehaus\groovy\groovy-groovydoc\3.0.7\groovy-groovydoc-3.0.7.jar;C:\Users\Vika\.m2\repository\com\github\javaparser\javaparser-core\3.17.0\javaparser-core-3.17.0.jar;C:\Users\Vika\.m2\repository\org\codehaus\groovy\groovy-groovysh\3.0.7\groovy-groovysh-3.0.7.jar;C:\Users\Vika\.m2\repository\jline\jline\2.14.6\jline-2.14.6.jar;C:\Users\Vika\.m2\repository\org\codehaus\groovy\groovy-jmx\3.0.7\groovy-jmx-3.0.7.jar;C:\Users\Vika\.m2\repository\org\codehaus\groovy\groovy-json\3.0.7\groovy-json-3.0.7.jar;C:\Users\Vika\.m2\repository\org\codehaus\groovy\groovy-jsr223\3.0.7\groovy-jsr223-3.0.7.jar;C:\Users\Vika\.m2\repository\org\codehaus\groovy\groovy-macro\3.0.7\groovy-macro-3.0.7.jar;C:\Users\Vika\.m2\repository\org\codehaus\groovy\groovy-nio\3.0.7\groovy-nio-3.0.7.jar;C:\Users\Vika\.m2\repository\org\codehaus\groovy\groovy-servlet\3.0.7\groovy-servlet-3.0.7.jar;C:\Users\Vika\.m2\repository\org\codehaus\groovy\groovy-sql\3.0.7\groovy-sql-3.0.7.jar;C:\Users\Vika\.m2\repository\org\codehaus\groovy\groovy-swing\3.0.7\groovy-swing-3.0.7.jar;C:\Users\Vika\.m2\repository\org\codehaus\groovy\groovy-templates\3.0.7\groovy-templates-3.0.7.jar;C:\Users\Vika\.m2\repository\org\codehaus\groovy\groovy-test\3.0.7\groovy-test-3.0.7.jar;C:\Users\Vika\.m2\repository\junit\junit\4.13.1\junit-4.13.1.jar;C:\Users\Vika\.m2\repository\org\hamcrest\hamcrest-core\1.3\hamcrest-core-1.3.jar;C:\Users\Vika\.m2\repository\org\codehaus\groovy\groovy-test-junit5\3.0.7\groovy-test-junit5-3.0.7.jar;C:\Users\Vika\.m2\repository\org\junit\jupiter\junit-jupiter-api\5.7.0\junit-jupiter-api-5.7.0.jar;C:\Users\Vika\.m2\repository\org\opentest4j\opentest4j\1.2.0\opentest4j-1.2.0.jar;C:\Users\Vika\.m2\repository\org\junit\platform\junit-platform-launcher\1.7.0\junit-platform-launcher-1.7.0.jar;C:\Users\Vika\.m2\repository\org\junit\platform\junit-platform-engine\1.7.0\junit-platform-engine-1.7.0.jar;C:\Users\Vika\.m2\repository\org\junit\platform\junit-platform-commons\1.7.0\junit-platform-commons-1.7.0.jar;C:\Users\Vika\.m2\repository\org\junit\jupiter\junit-jupiter-engine\5.7.0\junit-jupiter-engine-5.7.0.jar;C:\Users\Vika\.m2\repository\org\codehaus\groovy\groovy-testng\3.0.7\groovy-testng-3.0.7.jar;C:\Users\Vika\.m2\repository\org\codehaus\groovy\groovy-xml\3.0.7\groovy-xml-3.0.7.jar;C:\Users\Vika\.m2\repository\org\testng\testng\6.14.3\testng-6.14.3.jar;C:\Users\Vika\.m2\repository\com\beust\jcommander\1.72\jcommander-1.72.jar;C:\Users\Vika\.m2\repository\org\apache-extras\beanshell\bsh\2.0b6\bsh-2.0b6.jar;C:\Users\Vika\.m2\repository\org\apache\maven\surefire\surefire-testng\3.0.0-M4\surefire-testng-3.0.0-M4.jar;C:\Users\Vika\.m2\repository\org\apache\maven\surefire\common-java5\3.0.0-M4\common-java5-3.0.0-M4.jar;C:\Users\Vika\.m2\repository\org\apache\maven\surefire\surefire-testng-utils\3.0.0-M4\surefire-testng-utils-3.0.0-M4.jar;C:\Users\Vika\.m2\repository\org\apache\maven\surefire\surefire-grouper\3.0.0-M4\surefire-grouper-3.0.0-M4.jar"/>
    <property name="java.vm.vendor" value="Oracle Corporation"/>
    <property name="sun.arch.data.model" value="64"/>
    <property name="user.variant" value=""/>
    <property name="java.vendor.url" value="http://java.oracle.com/"/>
    <property name="user.timezone" value="Europe/Moscow"/>
    <property name="java.vm.specification.version" value="1.8"/>
    <property name="os.name" value="Windows 10"/>
    <property name="user.country" value="US"/>
    <property name="sun.java.launcher" value="SUN_STANDARD"/>
    <property name="sun.boot.library.path" value="C:\Program Files\Java\jdk1.8.0_121\jre\bin"/>
    <property name="sun.java.command" value="org.apache.maven.surefire.booter.ForkedBooter C:\Users\Vika\AppData\Local\Temp\surefire8377625284314350197 2021-02-24T20-18-35_477-jvmRun1 surefire5355639373922124717tmp surefire_02928308917927310629tmp"/>
    <property name="surefire.test.class.path" value="C:\tools\projects\target\test-classes;C:\tools\projects\target\classes;C:\Users\Vika\.m2\repository\org\codehaus\groovy\groovy\3.0.7\groovy-3.0.7.jar;C:\Users\Vika\.m2\repository\org\codehaus\groovy\groovy-ant\3.0.7\groovy-ant-3.0.7.jar;C:\Users\Vika\.m2\repository\org\apache\ant\ant\1.10.9\ant-1.10.9.jar;C:\Users\Vika\.m2\repository\org\apache\ant\ant-junit\1.10.9\ant-junit-1.10.9.jar;C:\Program Files\Java\jdk1.8.0_121\jre\..\lib\tools.jar;C:\Users\Vika\.m2\repository\org\apache\ant\ant-launcher\1.10.9\ant-launcher-1.10.9.jar;C:\Users\Vika\.m2\repository\org\apache\ant\ant-antlr\1.10.9\ant-antlr-1.10.9.jar;C:\Users\Vika\.m2\repository\org\codehaus\groovy\groovy-astbuilder\3.0.7\groovy-astbuilder-3.0.7.jar;C:\Users\Vika\.m2\repository\org\codehaus\groovy\groovy-cli-picocli\3.0.7\groovy-cli-picocli-3.0.7.jar;C:\Users\Vika\.m2\repository\info\picocli\picocli\4.5.2\picocli-4.5.2.jar;C:\Users\Vika\.m2\repository\org\codehaus\groovy\groovy-console\3.0.7\groovy-console-3.0.7.jar;C:\Users\Vika\.m2\repository\org\codehaus\groovy\groovy-datetime\3.0.7\groovy-datetime-3.0.7.jar;C:\Users\Vika\.m2\repository\org\codehaus\groovy\groovy-docgenerator\3.0.7\groovy-docgenerator-3.0.7.jar;C:\Users\Vika\.m2\repository\com\thoughtworks\qdox\qdox\1.12.1\qdox-1.12.1.jar;C:\Users\Vika\.m2\repository\org\codehaus\groovy\groovy-groovydoc\3.0.7\groovy-groovydoc-3.0.7.jar;C:\Users\Vika\.m2\repository\com\github\javaparser\javaparser-core\3.17.0\javaparser-core-3.17.0.jar;C:\Users\Vika\.m2\repository\org\codehaus\groovy\groovy-groovysh\3.0.7\groovy-groovysh-3.0.7.jar;C:\Users\Vika\.m2\repository\jline\jline\2.14.6\jline-2.14.6.jar;C:\Users\Vika\.m2\repository\org\codehaus\groovy\groovy-jmx\3.0.7\groovy-jmx-3.0.7.jar;C:\Users\Vika\.m2\repository\org\codehaus\groovy\groovy-json\3.0.7\groovy-json-3.0.7.jar;C:\Users\Vika\.m2\repository\org\codehaus\groovy\groovy-jsr223\3.0.7\groovy-jsr223-3.0.7.jar;C:\Users\Vika\.m2\repository\org\codehaus\groovy\groovy-macro\3.0.7\groovy-macro-3.0.7.jar;C:\Users\Vika\.m2\repository\org\codehaus\groovy\groovy-nio\3.0.7\groovy-nio-3.0.7.jar;C:\Users\Vika\.m2\repository\org\codehaus\groovy\groovy-servlet\3.0.7\groovy-servlet-3.0.7.jar;C:\Users\Vika\.m2\repository\org\codehaus\groovy\groovy-sql\3.0.7\groovy-sql-3.0.7.jar;C:\Users\Vika\.m2\repository\org\codehaus\groovy\groovy-swing\3.0.7\groovy-swing-3.0.7.jar;C:\Users\Vika\.m2\repository\org\codehaus\groovy\groovy-templates\3.0.7\groovy-templates-3.0.7.jar;C:\Users\Vika\.m2\repository\org\codehaus\groovy\groovy-test\3.0.7\groovy-test-3.0.7.jar;C:\Users\Vika\.m2\repository\junit\junit\4.13.1\junit-4.13.1.jar;C:\Users\Vika\.m2\repository\org\hamcrest\hamcrest-core\1.3\hamcrest-core-1.3.jar;C:\Users\Vika\.m2\repository\org\codehaus\groovy\groovy-test-junit5\3.0.7\groovy-test-junit5-3.0.7.jar;C:\Users\Vika\.m2\repository\org\junit\jupiter\junit-jupiter-api\5.7.0\junit-jupiter-api-5.7.0.jar;C:\Users\Vika\.m2\repository\org\opentest4j\opentest4j\1.2.0\opentest4j-1.2.0.jar;C:\Users\Vika\.m2\repository\org\junit\platform\junit-platform-launcher\1.7.0\junit-platform-launcher-1.7.0.jar;C:\Users\Vika\.m2\repository\org\junit\platform\junit-platform-engine\1.7.0\junit-platform-engine-1.7.0.jar;C:\Users\Vika\.m2\repository\org\junit\platform\junit-platform-commons\1.7.0\junit-platform-commons-1.7.0.jar;C:\Users\Vika\.m2\repository\org\junit\jupiter\junit-jupiter-engine\5.7.0\junit-jupiter-engine-5.7.0.jar;C:\Users\Vika\.m2\repository\org\codehaus\groovy\groovy-testng\3.0.7\groovy-testng-3.0.7.jar;C:\Users\Vika\.m2\repository\org\codehaus\groovy\groovy-xml\3.0.7\groovy-xml-3.0.7.jar;C:\Users\Vika\.m2\repository\org\testng\testng\6.14.3\testng-6.14.3.jar;C:\Users\Vika\.m2\repository\com\beust\jcommander\1.72\jcommander-1.72.jar;C:\Users\Vika\.m2\repository\org\apache-extras\beanshell\bsh\2.0b6\bsh-2.0b6.jar;"/>
    <property name="sun.cpu.endian" value="little"/>
    <property name="user.home" value="C:\Users\Vika"/>
    <property name="user.language" value="en"/>
    <property name="java.specification.vendor" value="Oracle Corporation"/>
    <property name="java.home" value="C:\Program Files\Java\jdk1.8.0_121\jre"/>
    <property name="basedir" value="C:\tools\projects"/>
    <property name="file.separator" value="\"/>
    <property name="line.separator" value="&#10;"/>
    <property name="java.vm.specification.vendor" value="Oracle Corporation"/>
    <property name="java.specification.name" value="Java Platform API Specification"/>
    <property name="java.awt.graphicsenv" value="sun.awt.Win32GraphicsEnvironment"/>
    <property name="sun.boot.class.path" value="C:\Program Files\Java\jdk1.8.0_121\jre\lib\resources.jar;C:\Program Files\Java\jdk1.8.0_121\jre\lib\rt.jar;C:\Program Files\Java\jdk1.8.0_121\jre\lib\sunrsasign.jar;C:\Program Files\Java\jdk1.8.0_121\jre\lib\jsse.jar;C:\Program Files\Java\jdk1.8.0_121\jre\lib\jce.jar;C:\Program Files\Java\jdk1.8.0_121\jre\lib\charsets.jar;C:\Program Files\Java\jdk1.8.0_121\jre\lib\jfr.jar;C:\Program Files\Java\jdk1.8.0_121\jre\classes"/>
    <property name="user.script" value=""/>
    <property name="sun.management.compiler" value="HotSpot 64-Bit Tiered Compilers"/>
    <property name="java.runtime.version" value="1.8.0_121-b13"/>
    <property name="user.name" value="Vika"/>
    <property name="path.separator" value=";"/>
    <property name="os.version" value="10.0"/>
    <property name="java.endorsed.dirs" value="C:\Program Files\Java\jdk1.8.0_121\jre\lib\endorsed"/>
    <property name="java.runtime.name" value="Java(TM) SE Runtime Environment"/>
    <property name="file.encoding" value="Cp1251"/>
    <property name="java.vm.name" value="Java HotSpot(TM) 64-Bit Server VM"/>
    <property name="localRepository" value="C:\Users\Vika\.m2\repository"/>
    <property name="java.vendor.url.bug" value="http://bugreport.sun.com/bugreport/"/>
    <property name="java.io.tmpdir" value="C:\Users\Vika\AppData\Local\Temp\"/>
    <property name="idea.version" value="2020.3.1"/>
    <property name="java.version" value="1.8.0_121"/>
    <property name="user.dir" value="C:\tools\projects"/>
    <property name="os.arch" value="amd64"/>
    <property name="java.vm.specification.name" value="Java Virtual Machine Specification"/>
    <property name="java.awt.printerjob" value="sun.awt.windows.WPrinterJob"/>
    <property name="sun.os.patch.level" value=""/>
    <property name="java.library.path" value="C:\Program Files\Java\jdk1.8.0_121\jre\bin;C:\Windows\Sun\Java\bin;C:\Windows\system32;C:\Windows;C:\Program Files\Java\jdk1.8.0_121\bin;C:\Windows\system32;C:\Windows;C:\Windows\System32\Wbem;C:\Windows\System32\WindowsPowerShell\v1.0\;C:\Windows\System32\OpenSSH\;C:\tools\maven\apache-maven-3.6.3\bin;C:\Program Files\Git\cmd;C:\Users\Vika\AppData\Local\Microsoft\WindowsApps;;C:\Users\Vika\AppData\Local\Programs\Fiddler;."/>
    <property name="java.vm.info" value="mixed mode"/>
    <property name="java.vendor" value="Oracle Corporation"/>
    <property name="java.vm.version" value="25.121-b13"/>
    <property name="java.ext.dirs" value="C:\Program Files\Java\jdk1.8.0_121\jre\lib\ext;C:\Windows\Sun\Java\lib\ext"/>
    <property name="sun.io.unicode.encoding" value="UnicodeLittle"/>
    <property name="java.class.version" value="52.0"/>
  </properties>
  <testcase name="firstTest" classname="org.example.lesson6.MyFirstClass" time="0.002"/>
  <testcase name="firstTest" classname="org.example.lesson6.MyFirstClass" time="0"/>
  <testcase name="secondTest" classname="org.example.lesson6.MyFirstClass" time="0.04"/>
  <testcase name="secondTest" classname="org.example.lesson6.MyFirstClass" time="0.001"/>
  <testcase name="firstTest" classname="org.example.lesson6.MySecondClass" time="0.001"/>
  <testcase name="firstTest" classname="org.example.lesson6.MySecondClass" time="0.001"/>
  <testcase name="secondTest" classname="org.example.lesson6.MySecondClass" time="0"/>
  <testcase name="secondTest" classname="org.example.lesson6.MySecondClass" time="0"/>
</testsuite>