<?xml version="1.0" encoding="UTF-8"?>
<!-- Generated by org.testng.reporters.JUnitReportReporter -->
<testsuite skipped="0" hostname="LAPTOP-355CCE9O" name="org.example.lesson6.MyFirstClass" tests="4" failures="0" timestamp="24 Feb 2021 17:18:37 GMT" time="0.041" errors="0">
  <testcase name="firstTest" time="0.001" classname="org.example.lesson6.MyFirstClass"/>
  <testcase name="firstTest" time="0.000" classname="org.example.lesson6.MyFirstClass"/>
  <testcase name="secondTest" time="0.040" classname="org.example.lesson6.MyFirstClass"/>
  <testcase name="secondTest" time="0.000" classname="org.example.lesson6.MyFirstClass"/>
</testsuite> <!-- org.example.lesson6.MyFirstClass -->
